2023-01-08 18:46:36,529              ERROR   :connectDatabase failed
2023-01-08 18:46:39,644              ERROR   :connectDatabase failed
2023-01-08 18:46:55,268              ERROR   :connectDatabase failed
2023-01-08 18:46:57,696              ERROR   :connectDatabase failed
2023-01-08 18:46:58,618              ERROR   :connectDatabase failed
2023-01-08 18:46:58,817              ERROR   :connectDatabase failed
2023-01-08 18:47:02,596              ERROR   :connectDatabase failed
2023-02-08 20:03:16,584              ERROR   :connectDatabase failed
2023-02-09 10:40:24,864              INFO    :UPDATE info SET online='1'  WHERE clientName = W1 
2023-02-09 10:40:24,869              ERROR   :execute failed: UPDATE info SET online='%s'  WHERE clientName = %s 
2023-02-09 10:40:48,968              INFO    :UPDATE info SET online='1'  WHERE clientName = W1 
2023-02-09 10:40:48,970              ERROR   :execute failed: UPDATE info SET online='%s'  WHERE clientName = %s 
2023-02-09 10:41:31,019              INFO    :UPDATE info SET online='1'  WHERE clientName = W1 
2023-02-09 10:41:31,020              ERROR   :execute failed: UPDATE info SET online='%s'  WHERE clientName = %s 
2023-02-09 10:42:35,500              INFO    :UPDATE info SET online='1'  WHERE clientName = W1 
2023-02-09 10:42:35,501              ERROR   :execute failed: UPDATE info SET online='%s'  WHERE clientName = %s 
2023-02-09 10:42:58,033              INFO    :UPDATE info SET online='1'  WHERE clientName = 'W1'
2023-02-09 13:40:18,858              INFO    :UPDATE info SET online='1'  WHERE clientName = 'W1'
2023-02-09 13:41:16,947              INFO    :UPDATE info SET online='1'  WHERE clientName = 'W1'
2023-02-09 13:43:03,742              INFO    :UPDATE info SET online='1'  WHERE clientName = 'W1'
2023-02-09 13:43:22,348              INFO    :UPDATE info SET online='1'  WHERE clientName = 'W1'
2023-02-09 13:43:32,423              INFO    :UPDATE info SET online='1'  WHERE clientName = 'W1'
2023-02-09 13:43:40,098              INFO    :UPDATE info SET online='1'  WHERE clientName = 'W1'
2023-02-10 09:28:15,766              INFO    :UPDATE info SET online='1'  WHERE clientName = 'W1'
2023-02-10 09:28:16,760              INFO    :UPDATE info SET online='1'  WHERE clientName = 'W1'
2023-02-10 09:28:57,135              INFO    :UPDATE info SET online='1'  WHERE clientName = 'W1'
2023-02-10 09:28:57,892              INFO    :UPDATE info SET online='1'  WHERE clientName = 'W1'
2023-02-10 09:48:42,126              INFO    :UPDATE info SET online='1',clientIp='127.0.0.1'  WHERE clientName = 'W1'
2023-02-10 09:48:42,900              INFO    :UPDATE info SET online='1',clientIp='127.0.0.1'  WHERE clientName = 'W1'
2023-02-10 15:16:30,784              INFO    :UPDATE info SET online='1',clientIp='127.0.0.1'  WHERE clientName = 'W1'
2023-02-12 18:59:51,936              ERROR   :execute failed: INSERT INTO info(clientName,fileName,clientUrl,online,clientIp)  VALUES('%s','%s','%s','%s','%s','%s')
2023-02-12 19:00:50,209              INFO    :INSERT INTO info(clientName,fileName,clientUrl,online,clientIp)  VALUES('W1','cifar-10-python.tar.gz','./datas/cifar-10-python.tar.gz','1','127.0.0.1')
2023-02-13 11:44:10,634              INFO    :UPDATE info SET online='0' WHERE id = '1'
2023-02-13 11:44:10,654              INFO    :UPDATE info SET online='0' WHERE id = '2'
2023-02-13 11:44:10,673              INFO    :UPDATE info SET online='0' WHERE id = '3'
2023-02-13 11:45:03,281              INFO    :UPDATE info SET online='0' WHERE id = 1
2023-02-13 11:45:03,298              INFO    :UPDATE info SET online='0' WHERE id = 2
2023-02-13 11:45:03,315              INFO    :UPDATE info SET online='0' WHERE id = 3
2023-02-13 11:47:15,542              INFO    :UPDATE info SET online='0' WHERE id = 1
2023-02-13 11:47:15,558              INFO    :UPDATE info SET online='0' WHERE id = 2
2023-02-13 11:47:15,573              INFO    :UPDATE info SET online='0' WHERE id = 3
2023-02-13 11:47:20,563              INFO    :UPDATE info SET online='0' WHERE id = 1
2023-02-13 11:47:20,569              INFO    :UPDATE info SET online='0' WHERE id = 2
2023-02-13 11:47:20,575              INFO    :UPDATE info SET online='0' WHERE id = 3
2023-02-13 11:47:22,923              INFO    :UPDATE info SET online='0' WHERE id = 1
2023-02-13 11:47:22,931              INFO    :UPDATE info SET online='0' WHERE id = 2
2023-02-13 11:47:22,937              INFO    :UPDATE info SET online='0' WHERE id = 3
2023-02-13 11:48:31,586              INFO    :UPDATE info SET online='1',clientIp='http://127.0.0.1:'8102'/online'  WHERE clientName = 'W1'
2023-02-13 11:48:31,587              ERROR   :execute failed: UPDATE info SET online='%s',clientIp='%s'  WHERE clientName = '%s'
2023-02-13 11:48:32,385              INFO    :UPDATE info SET online='1',clientIp='http://127.0.0.1:'8102'/online'  WHERE clientName = 'W1'
2023-02-13 11:48:32,385              ERROR   :execute failed: UPDATE info SET online='%s',clientIp='%s'  WHERE clientName = '%s'
2023-02-13 11:53:31,641              INFO    :UPDATE info SET online='1',clientIp='http://127.0.0.1:'8102'/online'  WHERE clientName = 'W1'
2023-02-13 11:53:31,641              ERROR   :execute failed: UPDATE info SET online='%s',clientIp='%s'  WHERE clientName = '%s'
2023-02-13 11:53:32,460              INFO    :UPDATE info SET online='1',clientIp='http://127.0.0.1:'8102'/online'  WHERE clientName = 'W1'
2023-02-13 11:53:32,460              ERROR   :execute failed: UPDATE info SET online='%s',clientIp='%s'  WHERE clientName = '%s'
2023-02-13 11:54:10,157              INFO    :UPDATE info SET online='1',clientIp='http://127.0.0.1:8102/online'  WHERE clientName = 'W1'
2023-02-13 11:54:10,980              INFO    :UPDATE info SET online='1',clientIp='http://127.0.0.1:8102/online'  WHERE clientName = 'W1'
2023-02-13 11:54:48,938              INFO    :UPDATE info SET online='0' WHERE id = 1
2023-02-13 11:54:48,965              INFO    :UPDATE info SET online='0' WHERE id = 2
2023-02-13 11:54:48,988              INFO    :UPDATE info SET online='0' WHERE id = 3
2023-02-13 11:54:52,261              INFO    :UPDATE info SET online='0' WHERE id = 1
2023-02-13 11:54:52,267              INFO    :UPDATE info SET online='0' WHERE id = 2
2023-02-13 11:54:52,285              INFO    :UPDATE info SET online='0' WHERE id = 3
2023-02-13 12:00:10,019              INFO    :UPDATE info SET online='0' WHERE id = 1
2023-02-13 12:00:10,035              INFO    :UPDATE info SET online='0' WHERE id = 2
2023-02-13 12:00:10,051              INFO    :UPDATE info SET online='0' WHERE id = 3
2023-02-13 12:00:46,038              INFO    :UPDATE info SET online='0' WHERE id = 1
2023-02-13 12:00:46,060              INFO    :UPDATE info SET online='0' WHERE id = 2
2023-02-13 12:00:46,066              INFO    :UPDATE info SET online='0' WHERE id = 3
2023-02-13 13:57:46,319              INFO    :UPDATE info SET online='0' WHERE id = 1
2023-02-13 13:57:46,328              INFO    :UPDATE info SET online='0' WHERE id = 2
2023-02-13 13:57:46,335              INFO    :UPDATE info SET online='0' WHERE id = 3
2023-02-13 13:58:25,643              INFO    :UPDATE info SET online='0' WHERE id = 1
2023-02-13 13:58:25,660              INFO    :UPDATE info SET online='0' WHERE id = 2
2023-02-13 13:58:25,677              INFO    :UPDATE info SET online='0' WHERE id = 3
2023-02-13 13:58:42,394              INFO    :UPDATE info SET online='0' WHERE id = 1
2023-02-13 13:58:42,410              INFO    :UPDATE info SET online='0' WHERE id = 2
2023-02-13 13:58:42,416              INFO    :UPDATE info SET online='0' WHERE id = 3
2023-02-13 13:59:29,021              INFO    :UPDATE info SET online='0' WHERE id = 1
2023-02-13 13:59:29,028              INFO    :UPDATE info SET online='0' WHERE id = 2
2023-02-13 13:59:29,035              INFO    :UPDATE info SET online='0' WHERE id = 3
2023-02-13 14:00:59,387              INFO    :UPDATE info SET online='0' WHERE id = 1
2023-02-13 14:00:59,395              INFO    :UPDATE info SET online='0' WHERE id = 2
2023-02-13 14:00:59,403              INFO    :UPDATE info SET online='0' WHERE id = 3
2023-02-13 14:01:22,195              INFO    :UPDATE info SET online='1' WHERE id = 1
2023-02-13 14:01:22,206              INFO    :UPDATE info SET online='1' WHERE id = 2
2023-02-13 14:01:22,227              INFO    :UPDATE info SET online='1' WHERE id = 3
2023-02-13 14:38:03,101              INFO    :UPDATE info SET online='1' WHERE id = 1
2023-02-13 14:38:03,109              INFO    :UPDATE info SET online='1' WHERE id = 2
2023-02-13 14:38:03,125              INFO    :UPDATE info SET online='1' WHERE id = 3
2023-02-13 14:42:15,931              INFO    :INSERT INTO info(clientName,fileName,clientUrl,online,clientIp)  VALUES('W1','cifar-10-python.tar.gz','./datas/cifar-10-python.tar.gz','1','127.0.0.1')
2023-02-13 14:44:04,132              INFO    :INSERT INTO info(clientName,fileName,clientUrl,online,clientIp)  VALUES('W1','cifar-10-python.tar.gz','./datas/cifar-10-python.tar.gz','1','http://127.0.0.1:8102/online')
2023-02-13 14:44:32,225              INFO    :UPDATE info SET online='1' WHERE id = 5
2023-02-13 14:48:18,150              INFO    :UPDATE info SET online='0' WHERE id = 5
2023-02-13 14:48:57,727              INFO    :UPDATE info SET online='0' WHERE id = 5
2023-02-13 14:49:07,972              INFO    :UPDATE info SET online='0' WHERE id = 5
2023-02-13 14:49:16,626              INFO    :UPDATE info SET online='1',clientIp='http://127.0.0.1:8102/online'  WHERE clientName = 'W1'
2023-02-13 14:49:17,481              INFO    :UPDATE info SET online='1',clientIp='http://127.0.0.1:8102/online'  WHERE clientName = 'W1'
2023-02-13 14:49:20,952              INFO    :UPDATE info SET online='1' WHERE id = 5
2023-02-13 14:49:34,950              INFO    :UPDATE info SET online='1' WHERE id = 5
2023-02-13 14:49:41,590              INFO    :UPDATE info SET online='1' WHERE id = 5
2023-02-13 15:53:28,394              INFO    :UPDATE info SET online='1',clientIp='http://127.0.0.1:8102/online'  WHERE clientName = 'W1'
2023-02-13 15:53:29,271              INFO    :UPDATE info SET online='1',clientIp='http://127.0.0.1:8102/online'  WHERE clientName = 'W1'
2023-02-13 16:45:09,394              INFO    :UPDATE info SET online='0' WHERE id = 5
2023-02-13 16:45:22,669              INFO    :UPDATE info SET online='0' WHERE id = 5
2023-02-13 16:45:23,712              INFO    :UPDATE info SET online='0' WHERE id = 5
2023-02-13 16:45:45,334              INFO    :UPDATE info SET online='0' WHERE id = 5
2023-02-13 16:45:46,739              INFO    :UPDATE info SET online='0' WHERE id = 5
2023-02-13 16:45:48,525              INFO    :UPDATE info SET online='0' WHERE id = 5
2023-02-13 16:45:49,708              INFO    :UPDATE info SET online='0' WHERE id = 5
2023-02-16 13:03:04,704              INFO    :UPDATE info SET online='0' WHERE id = 5
2023-02-16 13:03:05,186              INFO    :UPDATE info SET online='0' WHERE id = 5
2023-02-16 13:05:35,003              INFO    :UPDATE info SET online='0' WHERE id = 5
2023-02-16 13:05:57,394              INFO    :UPDATE info SET online='1',clientIp='http://127.0.0.1:8102/online'  WHERE clientName = 'W1'
2023-02-16 13:05:58,589              INFO    :UPDATE info SET online='1',clientIp='http://127.0.0.1:8102/online'  WHERE clientName = 'W1'
2023-02-16 13:06:04,449              INFO    :UPDATE info SET online='1' WHERE id = 5
2023-02-16 13:06:41,252              INFO    :UPDATE info SET online='1' WHERE id = 5
2023-02-16 13:07:01,559              INFO    :INSERT INTO info(clientName,fileName,clientUrl,online,clientIp)  VALUES('W1','cifar-10-python.tar.gz','./datas/cifar-10-python.tar.gz','1','http://127.0.0.1:8102/online')
2023-02-16 13:07:18,171              INFO    :UPDATE info SET online='1' WHERE id = 5
2023-02-16 13:07:18,190              INFO    :UPDATE info SET online='1' WHERE id = 6
2023-02-16 15:49:11,814              ERROR   :connectDatabase failed
2023-02-16 15:49:55,408              ERROR   :connectDatabase failed
2023-02-16 15:50:03,884              ERROR   :connectDatabase failed
2023-02-16 15:50:05,243              ERROR   :connectDatabase failed
2023-02-16 15:50:14,529              ERROR   :connectDatabase failed
2023-02-16 15:50:15,182              ERROR   :connectDatabase failed
2023-02-16 15:50:15,356              ERROR   :connectDatabase failed
2023-02-16 15:54:37,599              ERROR   :connectDatabase failed
2023-02-16 15:57:58,331              ERROR   :connectDatabase failed
2023-02-16 16:02:41,404              ERROR   :connectDatabase failed
2023-02-16 16:02:41,927              ERROR   :connectDatabase failed
2023-02-16 16:02:52,978              ERROR   :connectDatabase failed
2023-02-16 16:03:26,894              ERROR   :connectDatabase failed
2023-02-16 16:03:35,819              ERROR   :connectDatabase failed
2023-02-16 16:03:36,159              ERROR   :connectDatabase failed
2023-02-16 16:03:36,328              ERROR   :connectDatabase failed
2023-02-16 16:03:36,458              ERROR   :connectDatabase failed
2023-02-16 16:04:11,132              ERROR   :connectDatabase failed
2023-02-16 16:08:01,772              ERROR   :connectDatabase failed
2023-02-16 16:18:41,278              ERROR   :connectDatabase failed
2023-02-16 16:19:39,293              ERROR   :connectDatabase failed
2023-02-16 16:22:33,690              ERROR   :connectDatabase failed
2023-02-16 16:30:13,637              ERROR   :connectDatabase failed
2023-02-16 16:30:15,405              ERROR   :connectDatabase failed
2023-02-16 16:49:25,063              INFO    :UPDATE info SET online='1' WHERE id = 5
2023-02-16 16:49:25,073              INFO    :UPDATE info SET online='1' WHERE id = 6
2023-02-16 16:49:56,294              INFO    :UPDATE info SET online='1' WHERE id = 5
2023-02-16 16:49:56,300              INFO    :UPDATE info SET online='1' WHERE id = 6
2023-02-16 16:50:18,375              INFO    :UPDATE info SET online='1' WHERE id = 5
2023-02-16 16:50:18,407              INFO    :UPDATE info SET online='1' WHERE id = 6
2023-02-16 16:51:15,588              INFO    :UPDATE info SET online='1' WHERE id = 5
2023-02-16 16:51:15,612              INFO    :UPDATE info SET online='1' WHERE id = 6
2023-02-16 16:51:17,056              INFO    :UPDATE info SET online='1' WHERE id = 5
2023-02-16 16:51:17,062              INFO    :UPDATE info SET online='1' WHERE id = 6
2023-02-16 16:51:17,798              INFO    :UPDATE info SET online='1' WHERE id = 5
2023-02-16 16:51:17,803              INFO    :UPDATE info SET online='1' WHERE id = 6
2023-02-17 09:21:49,078              INFO    :UPDATE info SET online='0' WHERE id = 5
2023-02-17 09:21:51,133              INFO    :UPDATE info SET online='0' WHERE id = 6
2023-02-17 09:27:55,210              INFO    :UPDATE info SET online='1',clientIp='http://127.0.0.1:8102/online'  WHERE clientName = 'W1'
2023-02-17 09:27:55,740              INFO    :UPDATE info SET online='1',clientIp='http://127.0.0.1:8102/online'  WHERE clientName = 'W1'
2023-02-17 09:28:03,315              INFO    :UPDATE info SET online='1' WHERE id = 5
2023-02-17 09:28:03,324              INFO    :UPDATE info SET online='1' WHERE id = 6
2023-02-17 09:28:46,242              INFO    :UPDATE info SET online='1' WHERE id = 5
2023-02-17 09:28:46,268              INFO    :UPDATE info SET online='1' WHERE id = 6
2023-02-17 09:29:18,134              INFO    :UPDATE info SET online='1' WHERE id = 5
2023-02-17 09:29:18,141              INFO    :UPDATE info SET online='1' WHERE id = 6
2023-02-17 09:32:42,327              INFO    :UPDATE info SET online='1' WHERE id = 5
2023-02-17 09:32:42,359              INFO    :UPDATE info SET online='1' WHERE id = 6
2023-02-17 09:32:49,256              INFO    :UPDATE info SET online='1' WHERE id = 5
2023-02-17 09:32:49,278              INFO    :UPDATE info SET online='1' WHERE id = 6
2023-02-17 09:32:51,310              INFO    :UPDATE info SET online='1' WHERE id = 5
2023-02-17 09:32:51,341              INFO    :UPDATE info SET online='1' WHERE id = 6
2023-02-17 09:32:51,478              INFO    :UPDATE info SET online='1' WHERE id = 5
2023-02-17 09:32:51,508              INFO    :UPDATE info SET online='1' WHERE id = 6
2023-02-17 09:32:55,373              INFO    :UPDATE info SET online='1' WHERE id = 5
2023-02-17 09:32:55,382              INFO    :UPDATE info SET online='1' WHERE id = 6
2023-02-17 09:32:55,954              INFO    :UPDATE info SET online='1' WHERE id = 5
2023-02-17 09:32:55,961              INFO    :UPDATE info SET online='1' WHERE id = 6
2023-02-17 09:35:32,303              INFO    :UPDATE info SET online='1',clientIp='http://127.0.0.1:8102/online'  WHERE clientName = 'W2'
2023-02-17 09:35:32,805              INFO    :UPDATE info SET online='1',clientIp='http://127.0.0.1:8102/online'  WHERE clientName = 'W2'
2023-02-17 09:35:56,497              INFO    :UPDATE info SET online='1' WHERE id = 5
2023-02-17 09:35:56,528              INFO    :UPDATE info SET online='1' WHERE id = 6
2023-02-17 09:38:41,630              INFO    :UPDATE info SET online='1' WHERE id = 5
2023-02-17 09:38:41,655              INFO    :UPDATE info SET online='1' WHERE id = 6
2023-02-17 09:39:46,391              INFO    :UPDATE info SET online='0' WHERE id = 5
2023-02-17 09:39:48,110              INFO    :UPDATE info SET online='0' WHERE id = 5
2023-02-17 09:39:48,450              INFO    :UPDATE info SET online='0' WHERE id = 6
2023-02-17 09:39:50,154              INFO    :UPDATE info SET online='0' WHERE id = 6
2023-02-17 09:40:00,674              INFO    :UPDATE info SET online='1',clientIp='http://127.0.0.1:8202/online'  WHERE clientName = 'W2'
2023-02-17 09:40:01,207              INFO    :UPDATE info SET online='1',clientIp='http://127.0.0.1:8202/online'  WHERE clientName = 'W2'
2023-02-17 09:40:12,753              INFO    :UPDATE info SET online='0' WHERE id = 5
2023-02-17 09:40:14,804              INFO    :UPDATE info SET online='0' WHERE id = 6
2023-02-17 09:40:46,146              INFO    :UPDATE info SET online='1',clientIp='http://127.0.0.1:8102/online'  WHERE clientName = 'W1'
2023-02-17 09:40:46,655              INFO    :UPDATE info SET online='1',clientIp='http://127.0.0.1:8102/online'  WHERE clientName = 'W1'
2023-02-17 09:40:52,579              INFO    :UPDATE info SET online='1' WHERE id = 5
2023-02-17 09:40:52,610              INFO    :UPDATE info SET online='1' WHERE id = 6
2023-02-17 09:41:28,051              INFO    :UPDATE info SET online='1',clientIp='http://127.0.0.1:8202/online'  WHERE clientName = 'W2'
2023-02-17 09:41:28,588              INFO    :UPDATE info SET online='1',clientIp='http://127.0.0.1:8202/online'  WHERE clientName = 'W2'
2023-02-17 09:41:35,759              INFO    :UPDATE info SET online='0' WHERE id = 5
2023-02-17 09:41:37,797              INFO    :UPDATE info SET online='0' WHERE id = 6
2023-02-17 09:41:52,726              INFO    :INSERT INTO info(clientName,fileName,clientUrl,online,clientIp)  VALUES('W2','cifar-10-python.tar.gz','./datas/cifar-10-python.tar.gz','1','http://127.0.0.1:8202/online')
2023-02-17 09:41:52,757              INFO    :UPDATE info SET online='0' WHERE id = 5
2023-02-17 09:41:54,810              INFO    :UPDATE info SET online='0' WHERE id = 6
2023-02-17 09:42:52,930              INFO    :UPDATE info SET online='0' WHERE id = 5
2023-02-17 09:42:53,868              INFO    :UPDATE info SET online='0' WHERE id = 5
2023-02-17 09:42:54,991              INFO    :UPDATE info SET online='0' WHERE id = 6
2023-02-17 09:42:55,023              INFO    :UPDATE info SET online='1' WHERE id = 7
2023-02-17 09:42:55,912              INFO    :UPDATE info SET online='0' WHERE id = 6
2023-02-17 09:42:55,929              INFO    :UPDATE info SET online='1' WHERE id = 7
2023-02-17 09:42:57,128              INFO    :UPDATE info SET online='0' WHERE id = 5
2023-02-17 09:42:59,166              INFO    :UPDATE info SET online='0' WHERE id = 6
2023-02-17 09:42:59,198              INFO    :UPDATE info SET online='1' WHERE id = 7
2023-02-17 09:47:15,605              INFO    :UPDATE info SET online='1',clientIp='http://127.0.0.1:8102/online'  WHERE clientName = 'W1'
2023-02-17 09:47:16,109              INFO    :UPDATE info SET online='1',clientIp='http://127.0.0.1:8102/online'  WHERE clientName = 'W1'
2023-02-17 09:47:22,562              INFO    :UPDATE info SET online='1',clientIp='http://127.0.0.1:8202/online'  WHERE clientName = 'W2'
2023-02-17 09:47:23,095              INFO    :UPDATE info SET online='1',clientIp='http://127.0.0.1:8202/online'  WHERE clientName = 'W2'
2023-02-17 09:47:31,520              INFO    :UPDATE info SET online='1' WHERE id = 5
2023-02-17 09:47:31,544              INFO    :UPDATE info SET online='1' WHERE id = 6
2023-02-17 09:47:31,562              INFO    :UPDATE info SET online='1' WHERE id = 7
2023-02-17 09:47:32,341              INFO    :UPDATE info SET online='1' WHERE id = 5
2023-02-17 09:47:32,367              INFO    :UPDATE info SET online='1' WHERE id = 6
2023-02-17 09:47:32,399              INFO    :UPDATE info SET online='1' WHERE id = 7
2023-02-17 09:48:31,013              INFO    :UPDATE info SET online='1',clientIp='http://127.0.0.1:8302/online'  WHERE clientName = 'W3'
2023-02-17 09:48:31,521              INFO    :UPDATE info SET online='1',clientIp='http://127.0.0.1:8302/online'  WHERE clientName = 'W3'
2023-02-17 09:48:35,128              INFO    :UPDATE info SET online='1' WHERE id = 5
2023-02-17 09:48:35,156              INFO    :UPDATE info SET online='1' WHERE id = 6
2023-02-17 09:48:35,172              INFO    :UPDATE info SET online='1' WHERE id = 7
2023-02-17 09:48:38,598              INFO    :UPDATE info SET online='1' WHERE id = 5
2023-02-17 09:48:38,629              INFO    :UPDATE info SET online='1' WHERE id = 6
2023-02-17 09:48:38,644              INFO    :UPDATE info SET online='1' WHERE id = 7
2023-02-17 09:48:41,106              INFO    :UPDATE info SET online='1' WHERE id = 5
2023-02-17 09:48:41,138              INFO    :UPDATE info SET online='1' WHERE id = 6
2023-02-17 09:48:41,153              INFO    :UPDATE info SET online='1' WHERE id = 7
2023-02-17 09:48:56,688              INFO    :UPDATE info SET online='1' WHERE id = 5
2023-02-17 09:48:56,718              INFO    :UPDATE info SET online='1' WHERE id = 6
2023-02-17 09:48:56,734              INFO    :UPDATE info SET online='1' WHERE id = 7
2023-02-17 09:49:16,004              INFO    :UPDATE info SET online='1' WHERE id = 5
2023-02-17 09:49:16,030              INFO    :UPDATE info SET online='1' WHERE id = 6
2023-02-17 09:49:16,035              INFO    :UPDATE info SET online='1' WHERE id = 7
2023-02-17 09:49:28,869              INFO    :UPDATE info SET online='1' WHERE id = 5
2023-02-17 09:49:28,899              INFO    :UPDATE info SET online='1' WHERE id = 6
2023-02-17 09:49:28,915              INFO    :UPDATE info SET online='1' WHERE id = 7
2023-02-17 09:49:30,905              INFO    :UPDATE info SET online='1' WHERE id = 5
2023-02-17 09:49:30,935              INFO    :UPDATE info SET online='1' WHERE id = 6
2023-02-17 09:49:30,950              INFO    :UPDATE info SET online='1' WHERE id = 7
2023-02-17 09:49:31,877              INFO    :UPDATE info SET online='1' WHERE id = 5
2023-02-17 09:49:31,909              INFO    :UPDATE info SET online='1' WHERE id = 6
2023-02-17 09:49:31,924              INFO    :UPDATE info SET online='1' WHERE id = 7
2023-02-17 09:49:32,094              INFO    :UPDATE info SET online='1' WHERE id = 5
2023-02-17 09:49:32,101              INFO    :UPDATE info SET online='1' WHERE id = 6
2023-02-17 09:49:32,106              INFO    :UPDATE info SET online='1' WHERE id = 7
2023-02-17 09:49:44,330              INFO    :UPDATE info SET online='1',clientIp='http://127.0.0.1:8302/online'  WHERE clientName = 'W3'
2023-02-17 09:49:44,852              INFO    :UPDATE info SET online='1',clientIp='http://127.0.0.1:8302/online'  WHERE clientName = 'W3'
2023-02-17 09:50:00,356              INFO    :UPDATE info SET online='1' WHERE id = 5
2023-02-17 09:50:00,363              INFO    :UPDATE info SET online='1' WHERE id = 6
2023-02-17 09:50:00,388              INFO    :UPDATE info SET online='1' WHERE id = 7
2023-02-17 09:50:31,685              INFO    :UPDATE info SET online='1' WHERE id = 5
2023-02-17 09:50:31,692              INFO    :UPDATE info SET online='1' WHERE id = 6
2023-02-17 09:50:31,712              INFO    :UPDATE info SET online='1' WHERE id = 7
2023-02-17 09:50:32,783              INFO    :UPDATE info SET online='1' WHERE id = 5
2023-02-17 09:50:32,799              INFO    :UPDATE info SET online='1' WHERE id = 6
2023-02-17 09:50:32,815              INFO    :UPDATE info SET online='1' WHERE id = 7
2023-02-17 09:50:33,159              INFO    :UPDATE info SET online='1' WHERE id = 5
2023-02-17 09:50:33,185              INFO    :UPDATE info SET online='1' WHERE id = 6
2023-02-17 09:50:33,216              INFO    :UPDATE info SET online='1' WHERE id = 7
2023-02-17 09:50:33,325              INFO    :UPDATE info SET online='1' WHERE id = 5
2023-02-17 09:50:33,341              INFO    :UPDATE info SET online='1' WHERE id = 6
2023-02-17 09:50:33,357              INFO    :UPDATE info SET online='1' WHERE id = 7
2023-02-17 09:50:43,800              INFO    :UPDATE info SET online='1' WHERE id = 5
2023-02-17 09:50:43,807              INFO    :UPDATE info SET online='1' WHERE id = 6
2023-02-17 09:50:43,815              INFO    :UPDATE info SET online='1' WHERE id = 7
2023-02-17 09:50:45,320              INFO    :UPDATE info SET online='1' WHERE id = 5
2023-02-17 09:50:45,350              INFO    :UPDATE info SET online='1' WHERE id = 6
2023-02-17 09:50:45,380              INFO    :UPDATE info SET online='1' WHERE id = 7
2023-02-17 09:51:07,730              INFO    :UPDATE info SET online='1' WHERE id = 5
2023-02-17 09:51:07,736              INFO    :UPDATE info SET online='1' WHERE id = 6
2023-02-17 09:51:07,741              INFO    :UPDATE info SET online='1' WHERE id = 7
2023-02-17 09:51:09,805              INFO    :UPDATE info SET online='1' WHERE id = 5
2023-02-17 09:51:09,836              INFO    :UPDATE info SET online='1' WHERE id = 6
2023-02-17 09:51:09,852              INFO    :UPDATE info SET online='1' WHERE id = 7
2023-02-17 09:51:54,141              INFO    :INSERT INTO info(clientName,fileName,clientUrl,online,clientIp)  VALUES('W3','cifar-10-python.tar.gz','./datas/cifar-10-python.tar.gz','1','http://127.0.0.1:8302/online')
2023-02-17 09:51:54,207              INFO    :UPDATE info SET online='0' WHERE id = 5
2023-02-17 09:51:56,262              INFO    :UPDATE info SET online='0' WHERE id = 6
2023-02-17 09:51:58,310              INFO    :UPDATE info SET online='0' WHERE id = 7
2023-02-17 09:52:16,858              INFO    :UPDATE info SET online='1',clientIp='http://127.0.0.1:8202/online'  WHERE clientName = 'W2'
2023-02-17 09:52:17,371              INFO    :UPDATE info SET online='1',clientIp='http://127.0.0.1:8202/online'  WHERE clientName = 'W2'
2023-02-17 09:52:26,373              INFO    :UPDATE info SET online='1',clientIp='http://127.0.0.1:8102/online'  WHERE clientName = 'W1'
2023-02-17 09:52:26,906              INFO    :UPDATE info SET online='1',clientIp='http://127.0.0.1:8102/online'  WHERE clientName = 'W1'
2023-02-17 09:52:33,765              INFO    :UPDATE info SET online='1' WHERE id = 5
2023-02-17 09:52:33,791              INFO    :UPDATE info SET online='1' WHERE id = 6
2023-02-17 09:52:33,806              INFO    :UPDATE info SET online='1' WHERE id = 7
2023-02-17 09:52:35,859              INFO    :UPDATE info SET online='0' WHERE id = 8
2023-02-17 09:52:51,669              INFO    :UPDATE info SET online='1',clientIp='http://127.0.0.1:8302/online'  WHERE clientName = 'W3'
2023-02-17 09:52:52,194              INFO    :UPDATE info SET online='1',clientIp='http://127.0.0.1:8302/online'  WHERE clientName = 'W3'
2023-02-17 09:52:55,581              INFO    :UPDATE info SET online='1' WHERE id = 5
2023-02-17 09:52:55,606              INFO    :UPDATE info SET online='1' WHERE id = 6
2023-02-17 09:52:55,636              INFO    :UPDATE info SET online='1' WHERE id = 7
2023-02-17 09:52:55,642              INFO    :UPDATE info SET online='1' WHERE id = 8
2023-02-20 09:48:01,992              INFO    :UPDATE info SET online='0' WHERE id = 5
2023-02-20 09:48:04,067              INFO    :UPDATE info SET online='0' WHERE id = 6
2023-02-20 09:48:06,116              INFO    :UPDATE info SET online='0' WHERE id = 7
2023-02-20 09:48:08,184              INFO    :UPDATE info SET online='0' WHERE id = 8
2023-02-20 09:48:11,891              INFO    :UPDATE info SET online='0' WHERE id = 5
2023-02-20 09:48:12,924              INFO    :UPDATE info SET online='0' WHERE id = 5
2023-02-20 09:48:13,959              INFO    :UPDATE info SET online='0' WHERE id = 6
2023-02-20 09:48:14,978              INFO    :UPDATE info SET online='0' WHERE id = 6
2023-02-20 09:48:15,998              INFO    :UPDATE info SET online='0' WHERE id = 7
2023-02-20 09:48:17,040              INFO    :UPDATE info SET online='0' WHERE id = 7
2023-02-20 09:48:18,067              INFO    :UPDATE info SET online='0' WHERE id = 8
2023-02-20 09:48:19,109              INFO    :UPDATE info SET online='0' WHERE id = 8
2023-02-20 09:48:31,249              INFO    :UPDATE info SET online='0' WHERE id = 5
2023-02-20 09:48:33,301              INFO    :UPDATE info SET online='0' WHERE id = 6
2023-02-20 09:48:33,754              INFO    :UPDATE info SET online='0' WHERE id = 5
2023-02-20 09:48:35,352              INFO    :UPDATE info SET online='0' WHERE id = 7
2023-02-20 09:48:35,821              INFO    :UPDATE info SET online='0' WHERE id = 6
2023-02-20 09:48:37,318              INFO    :UPDATE info SET online='0' WHERE id = 5
2023-02-20 09:48:37,396              INFO    :UPDATE info SET online='0' WHERE id = 8
2023-02-20 09:48:37,890              INFO    :UPDATE info SET online='0' WHERE id = 7
2023-02-20 09:48:39,388              INFO    :UPDATE info SET online='0' WHERE id = 6
2023-02-20 09:48:39,952              INFO    :UPDATE info SET online='0' WHERE id = 8
2023-02-20 09:48:41,429              INFO    :UPDATE info SET online='0' WHERE id = 7
2023-02-20 09:48:43,497              INFO    :UPDATE info SET online='0' WHERE id = 8
2023-02-20 09:49:05,490              INFO    :UPDATE info SET online='1',clientIp='http://127.0.0.1:8102/online'  WHERE clientName = 'W1'
2023-02-20 09:49:06,378              INFO    :UPDATE info SET online='1',clientIp='http://127.0.0.1:8102/online'  WHERE clientName = 'W1'
2023-02-20 09:49:24,934              INFO    :UPDATE info SET online='1' WHERE id = 5
2023-02-20 09:49:24,958              INFO    :UPDATE info SET online='1' WHERE id = 6
2023-02-20 09:49:27,017              INFO    :UPDATE info SET online='0' WHERE id = 7
2023-02-20 09:49:27,847              INFO    :UPDATE info SET online='1' WHERE id = 5
2023-02-20 09:49:27,855              INFO    :UPDATE info SET online='1' WHERE id = 6
2023-02-20 09:49:29,064              INFO    :UPDATE info SET online='0' WHERE id = 8
2023-02-20 09:49:29,901              INFO    :UPDATE info SET online='0' WHERE id = 7
2023-02-20 09:49:31,942              INFO    :UPDATE info SET online='0' WHERE id = 8
2023-02-20 09:50:16,727              INFO    :UPDATE info SET online='1' WHERE id = 5
2023-02-20 09:50:16,753              INFO    :UPDATE info SET online='1' WHERE id = 6
2023-02-20 09:50:18,811              INFO    :UPDATE info SET online='0' WHERE id = 7
2023-02-20 09:50:20,885              INFO    :UPDATE info SET online='0' WHERE id = 8
2023-02-22 12:39:39,805              INFO    :UPDATE info SET online='0' WHERE id = 5
2023-02-22 12:39:42,581              INFO    :UPDATE info SET online='0' WHERE id = 5
2023-02-22 12:39:42,845              INFO    :UPDATE info SET online='0' WHERE id = 6
2023-02-22 12:39:45,640              INFO    :UPDATE info SET online='0' WHERE id = 6
2023-02-22 12:39:45,891              INFO    :UPDATE info SET online='0' WHERE id = 7
2023-02-22 12:39:45,951              INFO    :UPDATE info SET online='0' WHERE id = 5
2023-02-22 12:39:47,100              INFO    :UPDATE info SET online='0' WHERE id = 5
2023-02-22 12:39:48,208              INFO    :UPDATE info SET online='0' WHERE id = 5
2023-02-22 12:39:48,704              INFO    :UPDATE info SET online='0' WHERE id = 7
2023-02-22 12:39:48,783              INFO    :UPDATE info SET online='0' WHERE id = 5
2023-02-22 12:39:48,949              INFO    :UPDATE info SET online='0' WHERE id = 5
2023-02-22 12:39:48,950              INFO    :UPDATE info SET online='0' WHERE id = 8
2023-02-22 12:39:49,023              INFO    :UPDATE info SET online='0' WHERE id = 6
2023-02-22 12:39:50,133              INFO    :UPDATE info SET online='0' WHERE id = 6
2023-02-22 12:39:50,682              INFO    :UPDATE info SET online='0' WHERE id = 5
2023-02-22 12:39:50,866              INFO    :UPDATE info SET online='0' WHERE id = 5
2023-02-22 12:39:51,257              INFO    :UPDATE info SET online='0' WHERE id = 6
2023-02-22 12:39:51,769              INFO    :UPDATE info SET online='0' WHERE id = 8
2023-02-22 12:39:51,908              INFO    :UPDATE info SET online='0' WHERE id = 6
2023-02-22 12:39:52,003              INFO    :UPDATE info SET online='0' WHERE id = 6
2023-02-22 12:39:52,111              INFO    :UPDATE info SET online='0' WHERE id = 7
2023-02-22 12:39:53,174              INFO    :UPDATE info SET online='0' WHERE id = 7
2023-02-22 12:39:53,724              INFO    :UPDATE info SET online='0' WHERE id = 6
2023-02-22 12:39:53,910              INFO    :UPDATE info SET online='0' WHERE id = 6
2023-02-22 12:39:54,328              INFO    :UPDATE info SET online='0' WHERE id = 7
2023-02-22 12:39:54,970              INFO    :UPDATE info SET online='0' WHERE id = 7
2023-02-22 12:39:55,064              INFO    :UPDATE info SET online='0' WHERE id = 7
2023-02-22 12:39:55,159              INFO    :UPDATE info SET online='0' WHERE id = 8
2023-02-22 12:39:56,238              INFO    :UPDATE info SET online='0' WHERE id = 8
2023-02-22 12:39:56,771              INFO    :UPDATE info SET online='0' WHERE id = 7
2023-02-22 12:39:56,945              INFO    :UPDATE info SET online='0' WHERE id = 7
2023-02-22 12:39:57,380              INFO    :UPDATE info SET online='0' WHERE id = 8
2023-02-22 12:39:58,010              INFO    :UPDATE info SET online='0' WHERE id = 8
2023-02-22 12:39:58,102              INFO    :UPDATE info SET online='0' WHERE id = 8
2023-02-22 12:39:59,343              INFO    :UPDATE info SET online='0' WHERE id = 5
2023-02-22 12:39:59,826              INFO    :UPDATE info SET online='0' WHERE id = 8
2023-02-22 12:39:59,997              INFO    :UPDATE info SET online='0' WHERE id = 8
2023-02-22 12:40:00,479              INFO    :UPDATE info SET online='0' WHERE id = 5
2023-02-22 12:40:01,095              INFO    :UPDATE info SET online='0' WHERE id = 5
2023-02-22 12:40:02,399              INFO    :UPDATE info SET online='0' WHERE id = 6
2023-02-22 12:40:03,507              INFO    :UPDATE info SET online='0' WHERE id = 6
2023-02-22 12:40:04,150              INFO    :UPDATE info SET online='0' WHERE id = 6
2023-02-22 12:40:05,443              INFO    :UPDATE info SET online='0' WHERE id = 7
2023-02-22 12:40:06,539              INFO    :UPDATE info SET online='0' WHERE id = 7
2023-02-22 12:40:08,490              INFO    :UPDATE info SET online='0' WHERE id = 8
2023-02-22 12:40:08,896              INFO    :UPDATE info SET online='0' WHERE id = 5
2023-02-22 12:40:09,598              INFO    :UPDATE info SET online='0' WHERE id = 8
2023-02-22 12:40:11,938              INFO    :UPDATE info SET online='0' WHERE id = 6
2023-02-22 12:40:14,986              INFO    :UPDATE info SET online='0' WHERE id = 7
2023-02-22 12:40:18,008              INFO    :UPDATE info SET online='0' WHERE id = 8
2023-02-22 16:34:58,212              INFO    :UPDATE info SET online='0' WHERE id = 5
2023-02-22 16:35:00,263              INFO    :UPDATE info SET online='0' WHERE id = 6
2023-02-22 16:35:01,522              INFO    :UPDATE info SET online='0' WHERE id = 5
2023-02-22 16:35:02,305              INFO    :UPDATE info SET online='0' WHERE id = 7
2023-02-22 16:35:03,557              INFO    :UPDATE info SET online='0' WHERE id = 6
2023-02-22 16:35:04,323              INFO    :UPDATE info SET online='0' WHERE id = 5
2023-02-22 16:35:04,370              INFO    :UPDATE info SET online='0' WHERE id = 8
2023-02-22 16:35:05,605              INFO    :UPDATE info SET online='0' WHERE id = 7
2023-02-22 16:35:06,370              INFO    :UPDATE info SET online='0' WHERE id = 6
2023-02-22 16:35:07,638              INFO    :UPDATE info SET online='0' WHERE id = 8
2023-02-22 16:35:08,423              INFO    :UPDATE info SET online='0' WHERE id = 7
2023-02-22 16:35:10,473              INFO    :UPDATE info SET online='0' WHERE id = 8
2023-02-22 16:35:43,967              INFO    :UPDATE info SET online='1',clientIp='http://127.0.0.1:8102/online'  WHERE clientName = 'W1'
2023-02-22 16:35:44,726              INFO    :UPDATE info SET online='1',clientIp='http://127.0.0.1:8102/online'  WHERE clientName = 'W1'
2023-02-22 16:35:53,890              INFO    :UPDATE info SET online='1' WHERE id = 5
2023-02-22 16:35:53,922              INFO    :UPDATE info SET online='1' WHERE id = 6
2023-02-22 16:35:55,979              INFO    :UPDATE info SET online='0' WHERE id = 7
2023-02-22 16:35:58,037              INFO    :UPDATE info SET online='0' WHERE id = 8
2023-02-22 16:35:59,038              INFO    :UPDATE info SET online='1' WHERE id = 5
2023-02-22 16:35:59,054              INFO    :UPDATE info SET online='1' WHERE id = 6
2023-02-22 16:36:01,123              INFO    :UPDATE info SET online='0' WHERE id = 7
2023-02-22 16:36:03,183              INFO    :UPDATE info SET online='0' WHERE id = 8
2023-02-22 16:36:36,000              INFO    :UPDATE info SET online='1' WHERE id = 5
2023-02-22 16:36:36,014              INFO    :UPDATE info SET online='1' WHERE id = 6
2023-02-22 16:36:38,062              INFO    :UPDATE info SET online='0' WHERE id = 7
2023-02-22 16:36:40,112              INFO    :UPDATE info SET online='0' WHERE id = 8
2023-02-22 16:37:43,035              INFO    :UPDATE info SET online='1',clientIp='http://127.0.0.1:8302/online'  WHERE clientName = 'W3'
2023-02-22 16:37:43,939              INFO    :UPDATE info SET online='1',clientIp='http://127.0.0.1:8302/online'  WHERE clientName = 'W3'
2023-02-22 16:37:50,188              INFO    :UPDATE info SET online='1' WHERE id = 5
2023-02-22 16:37:50,201              INFO    :UPDATE info SET online='1' WHERE id = 6
2023-02-22 16:37:52,244              INFO    :UPDATE info SET online='0' WHERE id = 7
2023-02-22 16:37:52,273              INFO    :UPDATE info SET online='1' WHERE id = 8
2023-02-22 16:39:33,380              INFO    :UPDATE info SET online='1',clientIp='http://127.0.0.1:8202/online'  WHERE clientName = 'W2'
2023-02-22 16:39:34,108              INFO    :UPDATE info SET online='1',clientIp='http://127.0.0.1:8202/online'  WHERE clientName = 'W2'
2023-02-22 16:39:39,123              INFO    :UPDATE info SET online='1' WHERE id = 5
2023-02-22 16:39:39,144              INFO    :UPDATE info SET online='1' WHERE id = 6
2023-02-22 16:39:39,152              INFO    :UPDATE info SET online='1' WHERE id = 7
2023-02-22 16:39:39,159              INFO    :UPDATE info SET online='1' WHERE id = 8
2023-02-22 16:50:56,572              INFO    :UPDATE info SET online='1',clientIp='http://127.0.0.1:8302/online'  WHERE clientName = 'W3'
2023-02-22 16:50:56,584              INFO    :UPDATE info SET online='1',clientIp='http://127.0.0.1:8202/online'  WHERE clientName = 'W2'
2023-02-22 16:50:56,594              INFO    :UPDATE info SET online='1',clientIp='http://127.0.0.1:8102/online'  WHERE clientName = 'W1'
2023-02-22 16:51:16,350              INFO    :UPDATE info SET online='1',clientIp='http://127.0.0.1:8102/online'  WHERE clientName = 'W1'
2023-02-22 16:51:17,284              INFO    :UPDATE info SET online='1',clientIp='http://127.0.0.1:8102/online'  WHERE clientName = 'W1'
2023-02-22 16:51:25,582              INFO    :UPDATE info SET online='1',clientIp='http://127.0.0.1:8302/online'  WHERE clientName = 'W3'
2023-02-22 16:51:26,731              INFO    :UPDATE info SET online='1',clientIp='http://127.0.0.1:8302/online'  WHERE clientName = 'W3'
2023-02-22 16:51:27,892              INFO    :UPDATE info SET online='1',clientIp='http://127.0.0.1:8202/online'  WHERE clientName = 'W2'
2023-02-22 16:51:28,942              INFO    :UPDATE info SET online='1',clientIp='http://127.0.0.1:8202/online'  WHERE clientName = 'W2'
2023-02-22 16:51:32,682              INFO    :UPDATE info SET online='1' WHERE id = 5
2023-02-22 16:51:32,712              INFO    :UPDATE info SET online='1' WHERE id = 6
2023-02-22 16:51:32,720              INFO    :UPDATE info SET online='1' WHERE id = 7
2023-02-22 16:51:32,742              INFO    :UPDATE info SET online='1' WHERE id = 8
2023-02-22 16:51:33,452              INFO    :UPDATE info SET online='1' WHERE id = 5
2023-02-22 16:51:33,462              INFO    :UPDATE info SET online='1' WHERE id = 6
2023-02-22 16:51:33,472              INFO    :UPDATE info SET online='1' WHERE id = 7
2023-02-22 16:51:33,482              INFO    :UPDATE info SET online='1' WHERE id = 8
2023-02-22 16:51:34,367              INFO    :UPDATE info SET online='1' WHERE id = 5
2023-02-22 16:51:34,374              INFO    :UPDATE info SET online='1' WHERE id = 6
2023-02-22 16:51:34,382              INFO    :UPDATE info SET online='1' WHERE id = 7
2023-02-22 16:51:34,390              INFO    :UPDATE info SET online='1' WHERE id = 8
2023-02-22 16:51:49,703              INFO    :INSERT INTO info(clientName,fileName,clientUrl,online,clientIp)  VALUES('W1','cifar-10-python.tar.gz','C:/Users/dell/Desktop/1.0/commclient/client/datas/cifar-10-python.tar.gz','1','http://127.0.0.1:8102/online')
2023-02-22 16:51:58,360              INFO    :INSERT INTO info(clientName,fileName,clientUrl,online,clientIp)  VALUES('W1','cifar-10-python.tar.gz','C:/Users/dell/Desktop/1.0/commclient/client/datas/cifar-10-python.tar.gz','1','http://127.0.0.1:8102/online')
2023-02-22 16:52:07,380              INFO    :INSERT INTO info(clientName,fileName,clientUrl,online,clientIp)  VALUES('W1','cifar-10-python.tar.gz','C:/Users/dell/Desktop/1.0/commclient/client/datas/cifar-10-python.tar.gz','1','http://127.0.0.1:8102/online')
2023-02-22 16:52:16,162              INFO    :UPDATE info SET online='1' WHERE id = 5
2023-02-22 16:52:16,192              INFO    :UPDATE info SET online='1' WHERE id = 6
2023-02-22 16:52:16,223              INFO    :UPDATE info SET online='1' WHERE id = 7
2023-02-22 16:52:16,237              INFO    :UPDATE info SET online='1' WHERE id = 8
2023-02-22 16:52:16,269              INFO    :UPDATE info SET online='1' WHERE id = 9
2023-02-22 16:52:16,301              INFO    :UPDATE info SET online='1' WHERE id = 10
2023-02-22 16:52:16,333              INFO    :UPDATE info SET online='1' WHERE id = 11
2023-02-22 16:53:40,627              INFO    :UPDATE info SET online='1',clientIp='http://127.0.0.1:8202/online'  WHERE clientName = 'W2'
2023-02-22 16:53:41,604              INFO    :UPDATE info SET online='1',clientIp='http://127.0.0.1:8202/online'  WHERE clientName = 'W2'
2023-02-22 16:53:47,742              INFO    :UPDATE info SET online='1' WHERE id = 5
2023-02-22 16:53:47,772              INFO    :UPDATE info SET online='1' WHERE id = 6
2023-02-22 16:53:47,781              INFO    :UPDATE info SET online='1' WHERE id = 7
2023-02-22 16:53:47,803              INFO    :UPDATE info SET online='1' WHERE id = 8
2023-02-22 16:53:47,834              INFO    :UPDATE info SET online='1' WHERE id = 9
2023-02-22 16:53:47,865              INFO    :UPDATE info SET online='1' WHERE id = 10
2023-02-22 16:53:47,896              INFO    :UPDATE info SET online='1' WHERE id = 11
2023-02-22 16:54:32,104              INFO    :UPDATE info SET online='1' WHERE id = 5
2023-02-22 16:54:32,143              INFO    :UPDATE info SET online='1' WHERE id = 6
2023-02-22 16:54:32,171              INFO    :UPDATE info SET online='1' WHERE id = 7
2023-02-22 16:54:32,199              INFO    :UPDATE info SET online='1' WHERE id = 8
2023-02-22 16:54:32,220              INFO    :UPDATE info SET online='1' WHERE id = 9
2023-02-22 16:54:32,243              INFO    :UPDATE info SET online='1' WHERE id = 10
2023-02-22 16:54:32,281              INFO    :UPDATE info SET online='1' WHERE id = 11
2023-02-22 16:54:52,496              INFO    :UPDATE info SET online='1' WHERE id = 5
2023-02-22 16:54:52,518              INFO    :UPDATE info SET online='1' WHERE id = 6
2023-02-22 16:54:52,526              INFO    :UPDATE info SET online='1' WHERE id = 7
2023-02-22 16:54:52,536              INFO    :UPDATE info SET online='1' WHERE id = 8
2023-02-22 16:54:52,548              INFO    :UPDATE info SET online='1' WHERE id = 9
2023-02-22 16:54:52,566              INFO    :UPDATE info SET online='1' WHERE id = 10
2023-02-22 16:54:52,586              INFO    :UPDATE info SET online='1' WHERE id = 11
2023-02-22 16:56:56,785              INFO    :UPDATE info SET online='1' WHERE id = 5
2023-02-22 16:56:56,793              INFO    :UPDATE info SET online='1' WHERE id = 6
2023-02-22 16:56:56,804              INFO    :UPDATE info SET online='1' WHERE id = 7
2023-02-22 16:56:56,811              INFO    :UPDATE info SET online='1' WHERE id = 8
2023-02-22 16:56:56,820              INFO    :UPDATE info SET online='1' WHERE id = 9
2023-02-22 16:56:56,829              INFO    :UPDATE info SET online='1' WHERE id = 10
2023-02-22 16:56:56,839              INFO    :UPDATE info SET online='1' WHERE id = 11
2023-02-22 16:57:14,906              INFO    :UPDATE info SET online='1' WHERE id = 5
2023-02-22 16:57:14,916              INFO    :UPDATE info SET online='1' WHERE id = 6
2023-02-22 16:57:16,969              INFO    :UPDATE info SET online='0' WHERE id = 7
2023-02-22 16:57:16,992              INFO    :UPDATE info SET online='1' WHERE id = 8
2023-02-22 16:57:17,014              INFO    :UPDATE info SET online='1' WHERE id = 9
2023-02-22 16:57:17,033              INFO    :UPDATE info SET online='1' WHERE id = 10
2023-02-22 16:57:17,061              INFO    :UPDATE info SET online='1' WHERE id = 11
2023-02-22 16:57:17,157              INFO    :UPDATE info SET online='1' WHERE id = 5
2023-02-22 16:57:17,179              INFO    :UPDATE info SET online='1' WHERE id = 6
2023-02-22 16:57:19,248              INFO    :UPDATE info SET online='0' WHERE id = 7
2023-02-22 16:57:19,294              INFO    :UPDATE info SET online='1' WHERE id = 8
2023-02-22 16:57:19,313              INFO    :UPDATE info SET online='1' WHERE id = 9
2023-02-22 16:57:19,332              INFO    :UPDATE info SET online='1' WHERE id = 10
2023-02-22 16:57:19,352              INFO    :UPDATE info SET online='1' WHERE id = 11
2023-02-22 17:03:26,409              INFO    :UPDATE info SET online='1',clientIp='http://127.0.0.1:8102/online'  WHERE clientName = 'W1'
2023-02-22 17:30:45,859              INFO    :UPDATE info SET online='1' WHERE id = 5
2023-02-22 17:30:45,866              INFO    :UPDATE info SET online='1' WHERE id = 6
2023-02-22 17:30:47,508              INFO    :UPDATE info SET online='1' WHERE id = 5
2023-02-22 17:30:47,515              INFO    :UPDATE info SET online='1' WHERE id = 6
2023-02-22 17:30:47,913              INFO    :UPDATE info SET online='0' WHERE id = 7
2023-02-22 17:30:47,946              INFO    :UPDATE info SET online='1' WHERE id = 8
2023-02-22 17:30:47,976              INFO    :UPDATE info SET online='1' WHERE id = 9
2023-02-22 17:30:48,008              INFO    :UPDATE info SET online='1' WHERE id = 10
2023-02-22 17:30:48,024              INFO    :UPDATE info SET online='1' WHERE id = 11
2023-02-22 17:30:49,550              INFO    :UPDATE info SET online='0' WHERE id = 7
2023-02-22 17:30:49,581              INFO    :UPDATE info SET online='1' WHERE id = 8
2023-02-22 17:30:49,600              INFO    :UPDATE info SET online='1' WHERE id = 9
2023-02-22 17:30:49,626              INFO    :UPDATE info SET online='1' WHERE id = 10
2023-02-22 17:30:49,642              INFO    :UPDATE info SET online='1' WHERE id = 11
2023-02-22 17:35:21,191              INFO    :UPDATE info SET online='1',clientIp='http://127.0.0.1:8102/online'  WHERE clientName = 'W1'
2023-02-22 17:35:21,729              INFO    :UPDATE info SET online='1',clientIp='http://127.0.0.1:8102/online'  WHERE clientName = 'W1'
2023-02-22 17:36:05,566              INFO    :UPDATE info SET online='0' WHERE id = 5
2023-02-22 17:36:07,599              INFO    :UPDATE info SET online='0' WHERE id = 6
2023-02-22 17:36:09,646              INFO    :UPDATE info SET online='0' WHERE id = 7
2023-02-22 17:36:11,696              INFO    :UPDATE info SET online='0' WHERE id = 8
2023-02-22 17:36:13,732              INFO    :UPDATE info SET online='0' WHERE id = 9
2023-02-22 17:36:13,988              INFO    :UPDATE info SET online='0' WHERE id = 5
2023-02-22 17:36:15,779              INFO    :UPDATE info SET online='0' WHERE id = 10
2023-02-22 17:36:16,043              INFO    :UPDATE info SET online='0' WHERE id = 6
2023-02-22 17:36:17,828              INFO    :UPDATE info SET online='0' WHERE id = 11
2023-02-22 17:36:18,091              INFO    :UPDATE info SET online='0' WHERE id = 7
2023-02-22 17:36:20,140              INFO    :UPDATE info SET online='0' WHERE id = 8
2023-02-22 17:36:22,178              INFO    :UPDATE info SET online='0' WHERE id = 9
2023-02-22 17:36:24,201              INFO    :UPDATE info SET online='0' WHERE id = 10
2023-02-22 17:36:25,279              INFO    :UPDATE info SET online='0' WHERE id = 5
2023-02-22 17:36:25,840              INFO    :UPDATE info SET online='0' WHERE id = 5
2023-02-22 17:36:25,980              INFO    :UPDATE info SET online='0' WHERE id = 5
2023-02-22 17:36:26,232              INFO    :UPDATE info SET online='0' WHERE id = 11
2023-02-22 17:36:27,327              INFO    :UPDATE info SET online='0' WHERE id = 6
2023-02-22 17:36:27,904              INFO    :UPDATE info SET online='0' WHERE id = 6
2023-02-22 17:36:28,045              INFO    :UPDATE info SET online='0' WHERE id = 6
2023-02-22 17:36:29,358              INFO    :UPDATE info SET online='0' WHERE id = 7
2023-02-22 17:36:29,941              INFO    :UPDATE info SET online='0' WHERE id = 7
2023-02-22 17:36:30,079              INFO    :UPDATE info SET online='0' WHERE id = 7
2023-02-22 17:36:31,409              INFO    :UPDATE info SET online='0' WHERE id = 8
2023-02-22 17:36:31,975              INFO    :UPDATE info SET online='0' WHERE id = 8
2023-02-22 17:36:32,120              INFO    :UPDATE info SET online='0' WHERE id = 8
2023-02-22 17:36:33,385              INFO    :UPDATE info SET online='1',clientIp='http://127.0.0.1:8102/online'  WHERE clientName = 'W1'
2023-02-22 17:36:33,912              INFO    :UPDATE info SET online='1',clientIp='http://127.0.0.1:8102/online'  WHERE clientName = 'W1'
2023-02-22 17:36:33,955              INFO    :UPDATE info SET online='1' WHERE id = 9
2023-02-22 17:36:33,956              INFO    :UPDATE info SET online='1' WHERE id = 9
2023-02-22 17:36:33,956              INFO    :UPDATE info SET online='1' WHERE id = 9
2023-02-22 17:36:33,962              INFO    :UPDATE info SET online='1' WHERE id = 10
2023-02-22 17:36:33,962              INFO    :UPDATE info SET online='1' WHERE id = 10
2023-02-22 17:36:33,962              INFO    :UPDATE info SET online='1' WHERE id = 10
2023-02-22 17:36:33,971              INFO    :UPDATE info SET online='1' WHERE id = 11
2023-02-22 17:36:33,990              INFO    :UPDATE info SET online='1' WHERE id = 11
2023-02-22 17:36:33,990              INFO    :UPDATE info SET online='1' WHERE id = 11
2023-02-22 17:36:40,510              INFO    :UPDATE info SET online='1' WHERE id = 5
2023-02-22 17:36:40,543              INFO    :UPDATE info SET online='1' WHERE id = 6
2023-02-22 17:36:42,585              INFO    :UPDATE info SET online='0' WHERE id = 7
2023-02-22 17:36:44,641              INFO    :UPDATE info SET online='0' WHERE id = 8
2023-02-22 17:36:44,672              INFO    :UPDATE info SET online='1' WHERE id = 9
2023-02-22 17:36:44,687              INFO    :UPDATE info SET online='1' WHERE id = 10
2023-02-22 17:36:44,718              INFO    :UPDATE info SET online='1' WHERE id = 11
2023-02-22 17:36:57,131              INFO    :UPDATE info SET online='1' WHERE id = 5
2023-02-22 17:36:57,162              INFO    :UPDATE info SET online='1' WHERE id = 6
2023-02-22 17:36:59,196              INFO    :UPDATE info SET online='0' WHERE id = 7
2023-02-22 17:37:01,249              INFO    :UPDATE info SET online='0' WHERE id = 8
2023-02-22 17:37:01,282              INFO    :UPDATE info SET online='1' WHERE id = 9
2023-02-22 17:37:01,312              INFO    :UPDATE info SET online='1' WHERE id = 10
2023-02-22 17:37:01,342              INFO    :UPDATE info SET online='1' WHERE id = 11
2023-02-22 17:44:33,476              INFO    :UPDATE info SET online='1',clientIp='http://127.0.0.1:8102/online'  WHERE clientName = 'W1'
2023-02-22 17:44:33,971              INFO    :UPDATE info SET online='1',clientIp='http://127.0.0.1:8102/online'  WHERE clientName = 'W1'
2023-02-22 17:44:57,688              INFO    :UPDATE info SET online='1' WHERE id = 5
2023-02-22 17:44:57,717              INFO    :UPDATE info SET online='1' WHERE id = 6
2023-02-22 17:44:58,495              INFO    :UPDATE info SET online='1' WHERE id = 5
2023-02-22 17:44:58,517              INFO    :UPDATE info SET online='1' WHERE id = 6
2023-02-22 17:44:58,666              INFO    :UPDATE info SET online='1' WHERE id = 5
2023-02-22 17:44:58,689              INFO    :UPDATE info SET online='1' WHERE id = 6
2023-02-22 17:44:59,755              INFO    :UPDATE info SET online='0' WHERE id = 7
2023-02-22 17:45:00,558              INFO    :UPDATE info SET online='0' WHERE id = 7
2023-02-22 17:45:00,731              INFO    :UPDATE info SET online='0' WHERE id = 7
2023-02-22 17:45:01,799              INFO    :UPDATE info SET online='0' WHERE id = 8
2023-02-22 17:45:01,831              INFO    :UPDATE info SET online='1' WHERE id = 9
2023-02-22 17:45:01,861              INFO    :UPDATE info SET online='1' WHERE id = 10
2023-02-22 17:45:01,893              INFO    :UPDATE info SET online='1' WHERE id = 11
2023-02-22 17:45:02,596              INFO    :UPDATE info SET online='0' WHERE id = 8
2023-02-22 17:45:02,605              INFO    :UPDATE info SET online='1' WHERE id = 9
2023-02-22 17:45:02,611              INFO    :UPDATE info SET online='1' WHERE id = 10
2023-02-22 17:45:02,617              INFO    :UPDATE info SET online='1' WHERE id = 11
2023-02-22 17:45:02,769              INFO    :UPDATE info SET online='0' WHERE id = 8
2023-02-22 17:45:02,799              INFO    :UPDATE info SET online='1' WHERE id = 9
2023-02-22 17:45:02,804              INFO    :UPDATE info SET online='1' WHERE id = 10
2023-02-22 17:45:02,809              INFO    :UPDATE info SET online='1' WHERE id = 11
2023-02-22 17:45:54,082              INFO    :UPDATE info SET online='1' WHERE id = 5
2023-02-22 17:45:54,088              INFO    :UPDATE info SET online='1' WHERE id = 6
2023-02-22 17:45:56,142              INFO    :UPDATE info SET online='0' WHERE id = 7
2023-02-22 17:45:58,183              INFO    :UPDATE info SET online='0' WHERE id = 8
2023-02-22 17:45:58,211              INFO    :UPDATE info SET online='1' WHERE id = 9
2023-02-22 17:45:58,226              INFO    :UPDATE info SET online='1' WHERE id = 10
2023-02-22 17:45:58,254              INFO    :UPDATE info SET online='1' WHERE id = 11
2023-03-01 10:13:13,431              INFO    :UPDATE info SET online='0' WHERE id = 5
2023-03-01 10:13:15,488              INFO    :UPDATE info SET online='0' WHERE id = 6
2023-03-01 10:13:17,528              INFO    :UPDATE info SET online='0' WHERE id = 7
2023-03-01 10:13:19,582              INFO    :UPDATE info SET online='0' WHERE id = 8
2023-03-01 10:13:21,615              INFO    :UPDATE info SET online='0' WHERE id = 9
2023-03-01 10:13:23,670              INFO    :UPDATE info SET online='0' WHERE id = 10
2023-03-01 10:13:25,727              INFO    :UPDATE info SET online='0' WHERE id = 11
2023-03-01 10:17:59,787              INFO    :UPDATE info SET online='0' WHERE id = 1
2023-03-01 10:18:01,843              INFO    :UPDATE info SET online='0' WHERE id = 2
2023-03-01 10:18:03,912              INFO    :UPDATE info SET online='0' WHERE id = 3
2023-03-01 10:19:51,146              INFO    :UPDATE info SET online='1',clientIp='http://127.0.0.1:8102/online'  WHERE clientName = 'W1'
2023-03-01 10:19:52,138              INFO    :UPDATE info SET online='1',clientIp='http://127.0.0.1:8102/online'  WHERE clientName = 'W1'
2023-03-01 10:20:00,519              INFO    :UPDATE info SET online='1' WHERE id = 1
2023-03-01 10:20:02,549              INFO    :UPDATE info SET online='0' WHERE id = 2
2023-03-01 10:20:04,621              INFO    :UPDATE info SET online='0' WHERE id = 3
2023-03-01 10:20:09,444              INFO    :UPDATE info SET online='1' WHERE id = 1
2023-03-01 10:20:11,478              INFO    :UPDATE info SET online='0' WHERE id = 2
2023-03-01 10:20:13,532              INFO    :UPDATE info SET online='0' WHERE id = 3
2023-03-01 10:26:35,432              INFO    :UPDATE info SET online='1' WHERE id = 1
2023-03-01 10:26:37,472              INFO    :UPDATE info SET online='0' WHERE id = 2
2023-03-01 10:26:39,528              INFO    :UPDATE info SET online='0' WHERE id = 3
2023-03-01 10:26:46,133              INFO    :UPDATE info SET online='1' WHERE id = 1
2023-03-01 10:26:48,191              INFO    :UPDATE info SET online='0' WHERE id = 2
2023-03-01 10:26:50,253              INFO    :UPDATE info SET online='0' WHERE id = 3
2023-03-01 10:26:50,548              INFO    :UPDATE info SET online='1' WHERE id = 1
2023-03-01 10:26:52,600              INFO    :UPDATE info SET online='0' WHERE id = 2
2023-03-01 10:26:54,653              INFO    :UPDATE info SET online='0' WHERE id = 3
2023-03-02 14:54:06,484              INFO    :UPDATE info SET online='0' WHERE id = 1
2023-03-02 14:54:08,535              INFO    :UPDATE info SET online='0' WHERE id = 2
2023-03-02 14:54:08,894              INFO    :UPDATE info SET online='0' WHERE id = 1
2023-03-02 14:54:10,584              INFO    :UPDATE info SET online='0' WHERE id = 3
2023-03-02 14:54:10,947              INFO    :UPDATE info SET online='0' WHERE id = 2
2023-03-02 14:54:12,995              INFO    :UPDATE info SET online='0' WHERE id = 3
2023-03-02 14:54:31,470              INFO    :UPDATE info SET online='1',clientIp='http://127.0.0.1:8102/online'  WHERE clientName = 'W1'
2023-03-02 14:54:32,020              INFO    :UPDATE info SET online='1',clientIp='http://127.0.0.1:8102/online'  WHERE clientName = 'W1'
2023-03-02 14:54:49,055              INFO    :UPDATE info SET online='1' WHERE id = 1
2023-03-02 14:54:51,108              INFO    :UPDATE info SET online='0' WHERE id = 2
2023-03-02 14:54:53,150              INFO    :UPDATE info SET online='0' WHERE id = 3
2023-03-02 15:01:43,164              INFO    :UPDATE info SET online='1' WHERE id = 1
2023-03-02 15:01:45,221              INFO    :UPDATE info SET online='0' WHERE id = 2
2023-03-02 15:01:47,274              INFO    :UPDATE info SET online='0' WHERE id = 3
2023-03-02 15:01:49,560              INFO    :UPDATE info SET online='1' WHERE id = 1
2023-03-02 15:01:51,591              INFO    :UPDATE info SET online='0' WHERE id = 2
2023-03-02 15:01:53,638              INFO    :UPDATE info SET online='0' WHERE id = 3
2023-03-02 16:18:36,931              INFO    :UPDATE info SET online='1' WHERE id = 1
2023-03-02 16:18:38,998              INFO    :UPDATE info SET online='0' WHERE id = 2
2023-03-02 16:18:41,033              INFO    :UPDATE info SET online='0' WHERE id = 3
2023-03-02 16:18:53,738              INFO    :UPDATE info SET online='1',clientIp='http://127.0.0.1:8102/online'  WHERE clientName = 'W1'
2023-03-02 16:18:54,276              INFO    :UPDATE info SET online='1',clientIp='http://127.0.0.1:8102/online'  WHERE clientName = 'W1'
2023-03-02 16:19:05,826              INFO    :UPDATE info SET online='1' WHERE id = 1
2023-03-02 16:19:07,871              INFO    :UPDATE info SET online='0' WHERE id = 2
2023-03-02 16:19:09,927              INFO    :UPDATE info SET online='0' WHERE id = 3
2023-03-02 16:19:50,784              INFO    :UPDATE info SET online='1' WHERE id = 1
2023-03-02 16:19:52,819              INFO    :UPDATE info SET online='0' WHERE id = 2
2023-03-02 16:19:54,869              INFO    :UPDATE info SET online='0' WHERE id = 3
2023-03-02 16:20:00,877              INFO    :UPDATE info SET online='1',clientIp='http://127.0.0.1:8402/online'  WHERE clientName = 'W1'
2023-03-02 16:20:01,415              INFO    :UPDATE info SET online='1',clientIp='http://127.0.0.1:8402/online'  WHERE clientName = 'W1'
2023-03-02 16:20:06,363              INFO    :UPDATE info SET online='1' WHERE id = 1
2023-03-02 16:20:08,427              INFO    :UPDATE info SET online='0' WHERE id = 2
2023-03-02 16:20:10,476              INFO    :UPDATE info SET online='0' WHERE id = 3
2023-03-02 16:20:26,028              INFO    :UPDATE info SET online='1' WHERE id = 1
2023-03-02 16:20:28,055              INFO    :UPDATE info SET online='0' WHERE id = 2
2023-03-02 16:20:28,440              INFO    :UPDATE info SET online='1' WHERE id = 1
2023-03-02 16:20:30,101              INFO    :UPDATE info SET online='0' WHERE id = 3
2023-03-02 16:20:30,505              INFO    :UPDATE info SET online='0' WHERE id = 2
2023-03-02 16:20:32,548              INFO    :UPDATE info SET online='0' WHERE id = 3
2023-03-02 16:20:44,884              INFO    :UPDATE info SET online='1',clientIp='http://127.0.0.1:8402/online'  WHERE clientName = 'W1'
2023-03-02 16:20:45,409              INFO    :UPDATE info SET online='1',clientIp='http://127.0.0.1:8402/online'  WHERE clientName = 'W1'
2023-03-02 16:20:51,083              INFO    :UPDATE info SET online='1' WHERE id = 1
2023-03-02 16:20:53,157              INFO    :UPDATE info SET online='0' WHERE id = 2
2023-03-02 16:20:55,212              INFO    :UPDATE info SET online='0' WHERE id = 3
2023-03-02 16:21:11,215              INFO    :UPDATE info SET online='1' WHERE id = 1
2023-03-02 16:21:13,245              INFO    :UPDATE info SET online='0' WHERE id = 2
2023-03-02 16:21:15,317              INFO    :UPDATE info SET online='0' WHERE id = 3
2023-03-02 16:21:38,019              INFO    :UPDATE info SET online='1',clientIp='http://127.0.0.1:8102/online'  WHERE clientName = 'W1'
2023-03-02 16:21:38,579              INFO    :UPDATE info SET online='1',clientIp='http://127.0.0.1:8102/online'  WHERE clientName = 'W1'
2023-03-02 16:21:41,298              INFO    :UPDATE info SET online='1',clientIp='http://127.0.0.1:8402/online'  WHERE clientName = 'W4'
2023-03-02 16:21:41,854              INFO    :UPDATE info SET online='1',clientIp='http://127.0.0.1:8402/online'  WHERE clientName = 'W4'
2023-03-02 16:22:03,098              INFO    :UPDATE info SET online='1' WHERE id = 1
2023-03-02 16:22:05,157              INFO    :UPDATE info SET online='0' WHERE id = 2
2023-03-02 16:22:06,143              INFO    :UPDATE info SET online='1' WHERE id = 1
2023-03-02 16:22:07,192              INFO    :UPDATE info SET online='0' WHERE id = 3
2023-03-02 16:22:08,196              INFO    :UPDATE info SET online='0' WHERE id = 2
2023-03-02 16:22:10,257              INFO    :UPDATE info SET online='0' WHERE id = 3
2023-03-02 16:22:39,104              INFO    :UPDATE info SET online='1' WHERE id = 1
2023-03-02 16:22:41,166              INFO    :UPDATE info SET online='0' WHERE id = 2
2023-03-02 16:22:43,219              INFO    :UPDATE info SET online='0' WHERE id = 3
2023-03-02 16:22:50,177              INFO    :UPDATE info SET online='1' WHERE id = 1
2023-03-02 16:22:52,249              INFO    :UPDATE info SET online='0' WHERE id = 2
2023-03-02 16:22:54,310              INFO    :UPDATE info SET online='0' WHERE id = 3
2023-03-07 15:56:20,267              INFO    :UPDATE info SET online='0' WHERE id = 1
2023-03-07 15:56:22,319              INFO    :UPDATE info SET online='0' WHERE id = 2
2023-03-07 15:56:24,345              INFO    :UPDATE info SET online='0' WHERE id = 3
2023-03-07 15:56:35,755              INFO    :UPDATE info SET online='1',clientIp='http://127.0.0.1:8102/online'  WHERE clientName = 'W1'
2023-03-07 15:56:36,552              INFO    :UPDATE info SET online='1',clientIp='http://127.0.0.1:8102/online'  WHERE clientName = 'W1'
2023-03-07 15:56:43,240              INFO    :UPDATE info SET online='1' WHERE id = 1
2023-03-07 15:56:45,293              INFO    :UPDATE info SET online='0' WHERE id = 2
2023-03-07 15:56:47,358              INFO    :UPDATE info SET online='0' WHERE id = 3
2023-03-07 15:59:47,815              INFO    :UPDATE info SET online='1',clientIp='http://127.0.0.1:8102/online'  WHERE clientName = 'W1'
2023-03-07 15:59:48,753              INFO    :UPDATE info SET online='1',clientIp='http://127.0.0.1:8102/online'  WHERE clientName = 'W1'
2023-03-07 15:59:55,406              INFO    :UPDATE info SET online='1' WHERE id = 1
2023-03-07 15:59:57,466              INFO    :UPDATE info SET online='0' WHERE id = 2
2023-03-07 15:59:59,515              INFO    :UPDATE info SET online='0' WHERE id = 3
2023-03-29 16:17:56,988              INFO    :UPDATE info SET online='1' WHERE id = 1
2023-03-29 16:17:58,936              INFO    :UPDATE info SET online='1' WHERE id = 1
2023-03-29 16:17:58,937              INFO    :UPDATE info SET online='1' WHERE id = 1
2023-03-29 16:17:59,019              INFO    :UPDATE info SET online='0' WHERE id = 2
2023-03-29 16:18:00,962              INFO    :UPDATE info SET online='0' WHERE id = 2
2023-03-29 16:18:00,975              INFO    :UPDATE info SET online='0' WHERE id = 2
2023-03-29 16:18:16,435              INFO    :UPDATE info SET online='1' WHERE id = 1
2023-03-29 16:18:18,466              INFO    :UPDATE info SET online='0' WHERE id = 2
2023-03-29 16:18:27,659              INFO    :UPDATE info SET online='1' WHERE id = 1
2023-03-29 16:18:29,728              INFO    :UPDATE info SET online='0' WHERE id = 2
2023-03-29 16:19:17,742              INFO    :UPDATE info SET online='1',clientIp='http://127.0.0.1:8102/online'  WHERE clientName = 'W1'
2023-03-29 16:19:18,915              INFO    :UPDATE info SET online='1' WHERE id = 1
2023-03-29 16:19:20,946              INFO    :UPDATE info SET online='0' WHERE id = 2
2023-04-19 11:08:37,932              INFO    :UPDATE info SET online='1',clientIp='http://127.0.0.1:8102/online'  WHERE clientName = 'W1'
2023-04-19 11:08:38,529              INFO    :UPDATE info SET online='1',clientIp='http://127.0.0.1:8102/online'  WHERE clientName = 'W1'
2023-04-19 11:08:47,321              INFO    :UPDATE info SET online='1',clientIp='http://127.0.0.1:8202/online'  WHERE clientName = 'W2'
2023-04-19 11:08:47,933              INFO    :UPDATE info SET online='1',clientIp='http://127.0.0.1:8202/online'  WHERE clientName = 'W2'
2023-04-19 11:12:25,509              INFO    :UPDATE info SET online='1',clientIp='http://127.0.0.1:8202/online'  WHERE clientName = 'W2'
2023-04-19 11:12:26,088              INFO    :UPDATE info SET online='1',clientIp='http://127.0.0.1:8202/online'  WHERE clientName = 'W2'
2023-04-19 11:12:31,460              INFO    :UPDATE info SET online='1',clientIp='http://127.0.0.1:8102/online'  WHERE clientName = 'W1'
2023-04-19 11:12:32,017              INFO    :UPDATE info SET online='1',clientIp='http://127.0.0.1:8102/online'  WHERE clientName = 'W1'
2023-04-19 11:17:24,408              INFO    :UPDATE info SET online='1',clientIp='http://127.0.0.1:8202/online'  WHERE clientName = 'W2'
2023-04-19 11:17:24,969              INFO    :UPDATE info SET online='1',clientIp='http://127.0.0.1:8202/online'  WHERE clientName = 'W2'
2023-04-19 11:20:38,129              INFO    :UPDATE info SET online='1',clientIp='http://127.0.0.1:8202/online'  WHERE clientName = 'W2'
2023-04-19 11:20:38,722              INFO    :UPDATE info SET online='1',clientIp='http://127.0.0.1:8202/online'  WHERE clientName = 'W2'
2023-04-19 11:20:42,164              INFO    :UPDATE info SET online='1',clientIp='http://127.0.0.1:8102/online'  WHERE clientName = 'W1'
2023-04-19 11:20:42,720              INFO    :UPDATE info SET online='1',clientIp='http://127.0.0.1:8102/online'  WHERE clientName = 'W1'
